0 info it worked if it ends with ok
1 verbose cli [ '/Users/carterwooten/.nvm/versions/node/v4.3.0/bin/node',
1 verbose cli   '/Users/carterwooten/.nvm/versions/node/v4.3.0/bin/npm',
1 verbose cli   'run',
1 verbose cli   'development' ]
2 info using npm@3.9.3
3 info using node@v4.3.0
4 verbose run-script [ 'predevelopment', 'development', 'postdevelopment' ]
5 info lifecycle angular2_foundation_skeleton@1.0.0~predevelopment: angular2_foundation_skeleton@1.0.0
6 silly lifecycle angular2_foundation_skeleton@1.0.0~predevelopment: no script for predevelopment, continuing
7 info lifecycle angular2_foundation_skeleton@1.0.0~development: angular2_foundation_skeleton@1.0.0
8 verbose lifecycle angular2_foundation_skeleton@1.0.0~development: unsafe-perm in lifecycle true
9 verbose lifecycle angular2_foundation_skeleton@1.0.0~development: PATH: /Users/carterwooten/.nvm/versions/node/v4.3.0/lib/node_modules/npm/bin/node-gyp-bin:/Users/carterwooten/Sites/carterwooten_site_v3/node_modules/.bin:/Users/carterwooten/.nvm/versions/node/v4.3.0/bin:/Users/carterwooten/.nvm/versions/node/v4.3.0/bin:/usr/local/bin:/opt/local/bin:/opt/local/sbin:/Library/Frameworks/Python.framework/Versions/2.7/bin:/Library/Frameworks/Python.framework/Versions/3.2/bin:/usr/local/bin:/usr/bin:/bin:/usr/sbin:/sbin:/opt/X11/bin:/usr/local/git/bin:/usr/local/MacGPG2/bin:/usr/texbin
10 verbose lifecycle angular2_foundation_skeleton@1.0.0~development: CWD: /Users/carterwooten/Sites/carterwooten_site_v3
11 silly lifecycle angular2_foundation_skeleton@1.0.0~development: Args: [ '-c', 'gulp development' ]
12 silly lifecycle angular2_foundation_skeleton@1.0.0~development: Returned: code: 1  signal: null
13 info lifecycle angular2_foundation_skeleton@1.0.0~development: Failed to exec development script
14 verbose stack Error: angular2_foundation_skeleton@1.0.0 development: `gulp development`
14 verbose stack Exit status 1
14 verbose stack     at EventEmitter.<anonymous> (/Users/carterwooten/.nvm/versions/node/v4.3.0/lib/node_modules/npm/lib/utils/lifecycle.js:245:16)
14 verbose stack     at emitTwo (events.js:87:13)
14 verbose stack     at EventEmitter.emit (events.js:172:7)
14 verbose stack     at ChildProcess.<anonymous> (/Users/carterwooten/.nvm/versions/node/v4.3.0/lib/node_modules/npm/lib/utils/spawn.js:24:14)
14 verbose stack     at emitTwo (events.js:87:13)
14 verbose stack     at ChildProcess.emit (events.js:172:7)
14 verbose stack     at maybeClose (internal/child_process.js:821:16)
14 verbose stack     at Process.ChildProcess._handle.onexit (internal/child_process.js:211:5)
15 verbose pkgid angular2_foundation_skeleton@1.0.0
16 verbose cwd /Users/carterwooten/Sites/carterwooten_site_v3
17 error Darwin 15.5.0
18 error argv "/Users/carterwooten/.nvm/versions/node/v4.3.0/bin/node" "/Users/carterwooten/.nvm/versions/node/v4.3.0/bin/npm" "run" "development"
19 error node v4.3.0
20 error npm  v3.9.3
21 error code ELIFECYCLE
22 error angular2_foundation_skeleton@1.0.0 development: `gulp development`
22 error Exit status 1
23 error Failed at the angular2_foundation_skeleton@1.0.0 development script 'gulp development'.
23 error Make sure you have the latest version of node.js and npm installed.
23 error If you do, this is most likely a problem with the angular2_foundation_skeleton package,
23 error not with npm itself.
23 error Tell the author that this fails on your system:
23 error     gulp development
23 error You can get information on how to open an issue for this project with:
23 error     npm bugs angular2_foundation_skeleton
23 error Or if that isn't available, you can get their info via:
23 error     npm owner ls angular2_foundation_skeleton
23 error There is likely additional logging output above.
24 verbose exit [ 1, true ]
